INFO: [HLS 200-10] Running 'D:/xilinx/Vivado/2017.4/bin/unwrapped/win64.o/vivado_hls.exe'
INFO: [HLS 200-10] For user 'HT' on host 'desktop-v2v4mpi' (Windows NT_amd64 version 6.2) on Tue Oct 15 16:36:54 +0800 2019
INFO: [HLS 200-10] In directory 'C:/Users/HT/Desktop/code/conv3'
INFO: [HLS 200-10] Opening project 'C:/Users/HT/Desktop/code/conv3/conv3'.
INFO: [HLS 200-10] Opening solution 'C:/Users/HT/Desktop/code/conv3/conv3/solution1'.
INFO: [SYN 201-201] Setting up clock 'default' with a period of 10ns.
INFO: [HLS 200-10] Setting target device to 'xc7z020clg484-1'
INFO: [SIM 211-2] *************** CSIM start ***************
INFO: [SIM 211-4] CSIM will launch GCC as the compiler.
   Compiling ../../../conv3_tb.cpp in debug mode
   Compiling ../../../conv3_test.cpp in debug mode
   Generating csim.exe
In file included from D:/xilinx/Vivado/2017.4/include/floating_point_v7_0_bitacc_cmodel.h:143:0,
                 from D:/xilinx/Vivado/2017.4/include/hls_fpo.h:172,
                 from D:/xilinx/Vivado/2017.4/include/hls_half.h:57,
                 from D:/xilinx/Vivado/2017.4/include/ap_int.h:74,
                 from D:/xilinx/Vivado/2017.4/include/ap_fixed.h:67,
                 from ../../../conv3_test.h:3,
                 from ../../../conv3_tb.cpp:1:
D:/xilinx/Vivado/2017.4/include/gmp.h:62:0: warning: "__GMP_LIBGMP_DLL" redefined [enabled by default]
D:/xilinx/Vivado/2017.4/include/floating_point_v7_0_bitacc_cmodel.h:135:0: note: this is the location of the previous definition
In file included from D:/xilinx/Vivado/2017.4/include/floating_point_v7_0_bitacc_cmodel.h:143:0,
                 from D:/xilinx/Vivado/2017.4/include/hls_fpo.h:172,
                 from D:/xilinx/Vivado/2017.4/include/hls_half.h:57,
                 from D:/xilinx/Vivado/2017.4/include/ap_int.h:74,
                 from D:/xilinx/Vivado/2017.4/include/ap_fixed.h:67,
                 from ../../../conv3_test.cpp:3:
D:/xilinx/Vivado/2017.4/include/gmp.h:62:0: warning: "__GMP_LIBGMP_DLL" redefined [enabled by default]
D:/xilinx/Vivado/2017.4/include/floating_point_v7_0_bitacc_cmodel.h:135:0: note: this is the location of the previous definition
INFO: [SIM 211-1] CSim file generation done with 0 errors.
INFO: [SIM 211-3] *************** CSIM finish ***************
